<?xml version="1.0" encoding="UTF-8"?>
<testng-results ignored="0" total="1" passed="1" failed="0" skipped="0">
  <reporter-output>
  </reporter-output>
  <suite started-at="2023-01-22T17:52:15 IST" name="Suite" finished-at="2023-01-22T17:52:37 IST" duration-ms="21600">
    <groups>
    </groups>
    <test started-at="2023-01-22T17:52:15 IST" name="Test" finished-at="2023-01-22T17:52:37 IST" duration-ms="21600">
      <class name="SAI.demo">
        <test-method signature="login_Test()[pri:0, instance:SAI.demo@5119fb47]" started-at="2023-01-22T17:52:15 IST" name="login_Test" finished-at="2023-01-22T17:52:37 IST" duration-ms="21574" status="PASS">
          <reporter-output>
          </reporter-output>
        </test-method> <!-- login_Test -->
      </class> <!-- SAI.demo -->
    </test> <!-- Test -->
  </suite> <!-- Suite -->
</testng-results>
